<?xml version="1.0" encoding="UTF-8"?>
<coverage generated="1733609888652" clover="3.2.0">
  <project timestamp="1733609888652" name="All files">
    <metrics statements="156" coveredstatements="146" conditionals="50" coveredconditionals="43" methods="36" coveredmethods="32" elements="242" coveredelements="221" complexity="0" loc="156" ncloc="156" packages="1" files="8" classes="8"/>
    <file name="Index.tsx" path="/Users/cam/coding-projects/to-do/frontend/src/components/Index.tsx">
      <metrics statements="4" coveredstatements="4" conditionals="0" coveredconditionals="0" methods="1" coveredmethods="1"/>
      <line num="1" count="2" type="stmt"/>
      <line num="3" count="2" type="stmt"/>
      <line num="4" count="3" type="stmt"/>
      <line num="24" count="2" type="stmt"/>
    </file>
    <file name="Login.tsx" path="/Users/cam/coding-projects/to-do/frontend/src/components/Login.tsx">
      <metrics statements="24" coveredstatements="24" conditionals="2" coveredconditionals="2" methods="5" coveredmethods="5"/>
      <line num="1" count="2" type="stmt"/>
      <line num="2" count="2" type="stmt"/>
      <line num="3" count="2" type="stmt"/>
      <line num="9" count="2" type="stmt"/>
      <line num="10" count="11" type="stmt"/>
      <line num="11" count="11" type="stmt"/>
      <line num="12" count="11" type="stmt"/>
      <line num="13" count="11" type="stmt"/>
      <line num="15" count="11" type="stmt"/>
      <line num="17" count="11" type="stmt"/>
      <line num="18" count="2" type="stmt"/>
      <line num="19" count="2" type="stmt"/>
      <line num="20" count="2" type="stmt"/>
      <line num="21" count="1" type="stmt"/>
      <line num="22" count="1" type="stmt"/>
      <line num="23" count="1" type="stmt"/>
      <line num="24" count="1" type="stmt"/>
      <line num="26" count="1" type="stmt"/>
      <line num="27" count="1" type="stmt"/>
      <line num="32" count="11" type="stmt"/>
      <line num="43" count="2" type="stmt"/>
      <line num="51" count="3" type="stmt"/>
      <line num="55" count="1" type="stmt"/>
      <line num="67" count="2" type="stmt"/>
    </file>
    <file name="Navbar.tsx" path="/Users/cam/coding-projects/to-do/frontend/src/components/Navbar.tsx">
      <metrics statements="12" coveredstatements="11" conditionals="2" coveredconditionals="2" methods="2" coveredmethods="2"/>
      <line num="1" count="2" type="stmt"/>
      <line num="2" count="2" type="stmt"/>
      <line num="9" count="2" type="stmt"/>
      <line num="10" count="2" type="stmt"/>
      <line num="12" count="2" type="stmt"/>
      <line num="13" count="1" type="stmt"/>
      <line num="14" count="1" type="stmt"/>
      <line num="15" count="1" type="stmt"/>
      <line num="16" count="1" type="stmt"/>
      <line num="18" count="0" type="stmt"/>
      <line num="21" count="2" type="stmt"/>
      <line num="46" count="2" type="stmt"/>
    </file>
    <file name="Register.tsx" path="/Users/cam/coding-projects/to-do/frontend/src/components/Register.tsx">
      <metrics statements="30" coveredstatements="30" conditionals="6" coveredconditionals="6" methods="6" coveredmethods="6"/>
      <line num="1" count="2" type="stmt"/>
      <line num="2" count="2" type="stmt"/>
      <line num="3" count="2" type="stmt"/>
      <line num="9" count="2" type="stmt"/>
      <line num="11" count="18" type="stmt"/>
      <line num="12" count="18" type="stmt"/>
      <line num="13" count="18" type="stmt"/>
      <line num="14" count="18" type="stmt"/>
      <line num="15" count="18" type="stmt"/>
      <line num="16" count="18" type="stmt"/>
      <line num="18" count="18" type="stmt"/>
      <line num="19" count="3" type="stmt"/>
      <line num="21" count="3" type="cond" truecount="2" falsecount="0"/>
      <line num="22" count="2" type="stmt"/>
      <line num="23" count="2" type="stmt"/>
      <line num="24" count="1" type="stmt"/>
      <line num="25" count="1" type="stmt"/>
      <line num="26" count="1" type="stmt"/>
      <line num="27" count="1" type="stmt"/>
      <line num="28" count="1" type="stmt"/>
      <line num="29" count="1" type="stmt"/>
      <line num="31" count="1" type="stmt"/>
      <line num="32" count="1" type="stmt"/>
      <line num="35" count="1" type="stmt"/>
      <line num="39" count="18" type="stmt"/>
      <line num="51" count="3" type="stmt"/>
      <line num="59" count="4" type="stmt"/>
      <line num="67" count="3" type="stmt"/>
      <line num="70" count="1" type="stmt"/>
      <line num="80" count="2" type="stmt"/>
    </file>
    <file name="TodoDetails.tsx" path="/Users/cam/coding-projects/to-do/frontend/src/components/TodoDetails.tsx">
      <metrics statements="44" coveredstatements="36" conditionals="16" coveredconditionals="9" methods="12" coveredmethods="8"/>
      <line num="1" count="1" type="stmt"/>
      <line num="2" count="1" type="stmt"/>
      <line num="3" count="1" type="stmt"/>
      <line num="5" count="1" type="stmt"/>
      <line num="22" count="1" type="stmt"/>
      <line num="23" count="12" type="stmt"/>
      <line num="24" count="12" type="stmt"/>
      <line num="25" count="12" type="stmt"/>
      <line num="26" count="12" type="stmt"/>
      <line num="28" count="12" type="stmt"/>
      <line num="29" count="5" type="stmt"/>
      <line num="30" count="5" type="stmt"/>
      <line num="31" count="5" type="stmt"/>
      <line num="32" count="4" type="stmt"/>
      <line num="34" count="1" type="stmt"/>
      <line num="37" count="5" type="stmt"/>
      <line num="40" count="12" type="cond" truecount="1" falsecount="0"/>
      <line num="41" count="5" type="stmt"/>
      <line num="44" count="7" type="stmt"/>
      <line num="45" count="0" type="cond" truecount="0" falsecount="1"/>
      <line num="47" count="0" type="stmt"/>
      <line num="48" count="0" type="stmt"/>
      <line num="49" count="0" type="stmt"/>
      <line num="50" count="0" type="stmt"/>
      <line num="51" count="0" type="stmt"/>
      <line num="52" count="0" type="cond" truecount="0" falsecount="2"/>
      <line num="61" count="7" type="stmt"/>
      <line num="62" count="1" type="stmt"/>
      <line num="63" count="1" type="stmt"/>
      <line num="64" count="1" type="cond" truecount="1" falsecount="1"/>
      <line num="67" count="7" type="stmt"/>
      <line num="68" count="1" type="stmt"/>
      <line num="69" count="1" type="stmt"/>
      <line num="70" count="1" type="cond" truecount="0" falsecount="2"/>
      <line num="71" count="1" type="stmt"/>
      <line num="74" count="7" type="stmt"/>
      <line num="75" count="1" type="stmt"/>
      <line num="78" count="7" type="stmt"/>
      <line num="79" count="7" type="stmt"/>
      <line num="80" count="7" type="stmt"/>
      <line num="83" count="7" type="stmt"/>
      <line num="90" count="0" type="stmt"/>
      <line num="110" count="2" type="stmt"/>
      <line num="137" count="1" type="stmt"/>
    </file>
    <file name="TodoForm.tsx" path="/Users/cam/coding-projects/to-do/frontend/src/components/TodoForm.tsx">
      <metrics statements="30" coveredstatements="29" conditionals="16" coveredconditionals="16" methods="6" coveredmethods="6"/>
      <line num="1" count="2" type="stmt"/>
      <line num="2" count="2" type="stmt"/>
      <line num="9" count="2" type="stmt"/>
      <line num="10" count="16" type="cond" truecount="2" falsecount="0"/>
      <line num="11" count="16" type="cond" truecount="2" falsecount="0"/>
      <line num="12" count="16" type="cond" truecount="2" falsecount="0"/>
      <line num="14" count="16" type="stmt"/>
      <line num="15" count="6" type="cond" truecount="1" falsecount="0"/>
      <line num="16" count="4" type="stmt"/>
      <line num="17" count="4" type="stmt"/>
      <line num="21" count="16" type="stmt"/>
      <line num="22" count="3" type="stmt"/>
      <line num="24" count="3" type="cond" truecount="1" falsecount="0"/>
      <line num="25" count="1" type="stmt"/>
      <line num="26" count="1" type="stmt"/>
      <line num="28" count="2" type="stmt"/>
      <line num="30" count="2" type="cond" truecount="2" falsecount="0"/>
      <line num="31" count="1" type="stmt"/>
      <line num="32" count="1" type="stmt"/>
      <line num="33" count="1" type="stmt"/>
      <line num="34" count="1" type="stmt"/>
      <line num="35" count="1" type="stmt"/>
      <line num="38" count="1" type="stmt"/>
      <line num="39" count="1" type="stmt"/>
      <line num="42" count="0" type="stmt"/>
      <line num="46" count="16" type="stmt"/>
      <line num="55" count="3" type="stmt"/>
      <line num="65" count="2" type="stmt"/>
      <line num="77" count="2" type="stmt"/>
      <line num="91" count="2" type="stmt"/>
    </file>
    <file name="TodoList.tsx" path="/Users/cam/coding-projects/to-do/frontend/src/components/TodoList.tsx">
      <metrics statements="6" coveredstatements="6" conditionals="0" coveredconditionals="0" methods="2" coveredmethods="2"/>
      <line num="2" count="1" type="stmt"/>
      <line num="17" count="1" type="stmt"/>
      <line num="18" count="1" type="stmt"/>
      <line num="19" count="2" type="stmt"/>
      <line num="27" count="1" type="stmt"/>
      <line num="36" count="1" type="stmt"/>
    </file>
    <file name="TodoListItem.tsx" path="/Users/cam/coding-projects/to-do/frontend/src/components/TodoListItem.tsx">
      <metrics statements="6" coveredstatements="6" conditionals="8" coveredconditionals="8" methods="2" coveredmethods="2"/>
      <line num="2" count="2" type="stmt"/>
      <line num="17" count="2" type="stmt"/>
      <line num="18" count="4" type="stmt"/>
      <line num="19" count="1" type="stmt"/>
      <line num="22" count="4" type="stmt"/>
      <line num="58" count="2" type="stmt"/>
    </file>
  </project>
</coverage>
