{"/Users/cam/coding-projects/to-do/frontend/src/components/Index.tsx": {"path":"/Users/cam/coding-projects/to-do/frontend/src/components/Index.tsx","statementMap":{"0":{"start":{"line":1,"column":0},"end":{"line":1,"column":40}},"1":{"start":{"line":3,"column":24},"end":{"line":22,"column":1}},"2":{"start":{"line":4,"column":2},"end":{"line":21,"column":4}},"3":{"start":{"line":24,"column":0},"end":{"line":24,"column":21}}},"fnMap":{"0":{"name":"(anonymous_0)","decl":{"start":{"line":3,"column":24},"end":{"line":3,"column":27}},"loc":{"start":{"line":3,"column":29},"end":{"line":22,"column":1}}}},"branchMap":{},"s":{"0":1,"1":1,"2":2,"3":1},"f":{"0":2},"b":{}}
,"/Users/cam/coding-projects/to-do/frontend/src/components/Login.tsx": {"path":"/Users/cam/coding-projects/to-do/frontend/src/components/Login.tsx","statementMap":{"0":{"start":{"line":1,"column":0},"end":{"line":1,"column":26}},"1":{"start":{"line":2,"column":0},"end":{"line":2,"column":33}},"2":{"start":{"line":3,"column":0},"end":{"line":3,"column":47}},"3":{"start":{"line":9,"column":36},"end":{"line":65,"column":1}},"4":{"start":{"line":10,"column":28},"end":{"line":10,"column":48}},"5":{"start":{"line":11,"column":34},"end":{"line":11,"column":54}},"6":{"start":{"line":12,"column":28},"end":{"line":12,"column":48}},"7":{"start":{"line":13,"column":42},"end":{"line":13,"column":66}},"8":{"start":{"line":15,"column":19},"end":{"line":15,"column":32}},"9":{"start":{"line":17,"column":22},"end":{"line":30,"column":3}},"10":{"start":{"line":18,"column":4},"end":{"line":18,"column":23}},"11":{"start":{"line":19,"column":4},"end":{"line":29,"column":5}},"12":{"start":{"line":20,"column":23},"end":{"line":20,"column":74}},"13":{"start":{"line":21,"column":6},"end":{"line":21,"column":35}},"14":{"start":{"line":22,"column":6},"end":{"line":22,"column":19}},"15":{"start":{"line":23,"column":6},"end":{"line":23,"column":22}},"16":{"start":{"line":24,"column":6},"end":{"line":24,"column":null}},"17":{"start":{"line":26,"column":6},"end":{"line":26,"column":null}},"18":{"start":{"line":27,"column":6},"end":{"line":28,"column":null}},"19":{"start":{"line":32,"column":2},"end":{"line":64,"column":4}},"20":{"start":{"line":43,"column":27},"end":{"line":43,"column":51}},"21":{"start":{"line":51,"column":27},"end":{"line":51,"column":54}},"22":{"start":{"line":55,"column":111},"end":{"line":55,"column":141}},"23":{"start":{"line":67,"column":0},"end":{"line":67,"column":21}}},"fnMap":{"0":{"name":"(anonymous_1)","decl":{"start":{"line":9,"column":36},"end":{"line":9,"column":37}},"loc":{"start":{"line":9,"column":53},"end":{"line":65,"column":1}}},"1":{"name":"(anonymous_2)","decl":{"start":{"line":17,"column":22},"end":{"line":17,"column":27}},"loc":{"start":{"line":17,"column":68},"end":{"line":30,"column":3}}},"2":{"name":"(anonymous_3)","decl":{"start":{"line":43,"column":22},"end":{"line":43,"column":23}},"loc":{"start":{"line":43,"column":27},"end":{"line":43,"column":51}}},"3":{"name":"(anonymous_4)","decl":{"start":{"line":51,"column":22},"end":{"line":51,"column":23}},"loc":{"start":{"line":51,"column":27},"end":{"line":51,"column":54}}},"4":{"name":"(anonymous_5)","decl":{"start":{"line":55,"column":105},"end":{"line":55,"column":108}},"loc":{"start":{"line":55,"column":111},"end":{"line":55,"column":141}}}},"branchMap":{"0":{"loc":{"start":{"line":48,"column":18},"end":{"line":48,"column":52}},"type":"cond-expr","locations":[{"start":{"line":48,"column":33},"end":{"line":48,"column":39}},{"start":{"line":48,"column":42},"end":{"line":48,"column":52}}]}},"s":{"0":1,"1":1,"2":1,"3":1,"4":1,"5":1,"6":1,"7":1,"8":1,"9":1,"10":0,"11":0,"12":0,"13":0,"14":0,"15":0,"16":0,"17":0,"18":0,"19":1,"20":0,"21":0,"22":0,"23":1},"f":{"0":1,"1":0,"2":0,"3":0,"4":0},"b":{"0":[0,1]}}
,"/Users/cam/coding-projects/to-do/frontend/src/components/Register.tsx": {"path":"/Users/cam/coding-projects/to-do/frontend/src/components/Register.tsx","statementMap":{"0":{"start":{"line":1,"column":0},"end":{"line":1,"column":26}},"1":{"start":{"line":2,"column":0},"end":{"line":2,"column":33}},"2":{"start":{"line":3,"column":0},"end":{"line":3,"column":47}},"3":{"start":{"line":9,"column":42},"end":{"line":78,"column":1}},"4":{"start":{"line":11,"column":28},"end":{"line":11,"column":48}},"5":{"start":{"line":12,"column":34},"end":{"line":12,"column":54}},"6":{"start":{"line":13,"column":48},"end":{"line":13,"column":68}},"7":{"start":{"line":14,"column":28},"end":{"line":14,"column":48}},"8":{"start":{"line":15,"column":42},"end":{"line":15,"column":66}},"9":{"start":{"line":16,"column":19},"end":{"line":16,"column":32}},"10":{"start":{"line":18,"column":25},"end":{"line":37,"column":3}},"11":{"start":{"line":19,"column":4},"end":{"line":19,"column":23}},"12":{"start":{"line":21,"column":4},"end":{"line":36,"column":5}},"13":{"start":{"line":22,"column":6},"end":{"line":33,"column":7}},"14":{"start":{"line":23,"column":25},"end":{"line":23,"column":77}},"15":{"start":{"line":24,"column":8},"end":{"line":24,"column":null}},"16":{"start":{"line":25,"column":8},"end":{"line":25,"column":21}},"17":{"start":{"line":26,"column":8},"end":{"line":26,"column":24}},"18":{"start":{"line":27,"column":8},"end":{"line":27,"column":31}},"19":{"start":{"line":28,"column":8},"end":{"line":28,"column":21}},"20":{"start":{"line":29,"column":8},"end":{"line":29,"column":27}},"21":{"start":{"line":31,"column":8},"end":{"line":31,"column":48}},"22":{"start":{"line":32,"column":8},"end":{"line":32,"column":62}},"23":{"start":{"line":35,"column":6},"end":{"line":35,"column":75}},"24":{"start":{"line":39,"column":2},"end":{"line":77,"column":4}},"25":{"start":{"line":51,"column":27},"end":{"line":51,"column":51}},"26":{"start":{"line":59,"column":27},"end":{"line":59,"column":54}},"27":{"start":{"line":67,"column":27},"end":{"line":67,"column":61}},"28":{"start":{"line":70,"column":111},"end":{"line":70,"column":141}},"29":{"start":{"line":80,"column":0},"end":{"line":80,"column":24}}},"fnMap":{"0":{"name":"(anonymous_1)","decl":{"start":{"line":9,"column":42},"end":{"line":9,"column":43}},"loc":{"start":{"line":9,"column":59},"end":{"line":78,"column":1}}},"1":{"name":"(anonymous_2)","decl":{"start":{"line":18,"column":25},"end":{"line":18,"column":30}},"loc":{"start":{"line":18,"column":71},"end":{"line":37,"column":3}}},"2":{"name":"(anonymous_3)","decl":{"start":{"line":51,"column":22},"end":{"line":51,"column":23}},"loc":{"start":{"line":51,"column":27},"end":{"line":51,"column":51}}},"3":{"name":"(anonymous_4)","decl":{"start":{"line":59,"column":22},"end":{"line":59,"column":23}},"loc":{"start":{"line":59,"column":27},"end":{"line":59,"column":54}}},"4":{"name":"(anonymous_5)","decl":{"start":{"line":67,"column":22},"end":{"line":67,"column":23}},"loc":{"start":{"line":67,"column":27},"end":{"line":67,"column":61}}},"5":{"name":"(anonymous_6)","decl":{"start":{"line":70,"column":105},"end":{"line":70,"column":108}},"loc":{"start":{"line":70,"column":111},"end":{"line":70,"column":141}}}},"branchMap":{"0":{"loc":{"start":{"line":21,"column":4},"end":{"line":36,"column":5}},"type":"if","locations":[{"start":{"line":21,"column":4},"end":{"line":36,"column":5}},{"start":{"line":34,"column":11},"end":{"line":36,"column":5}}]},"1":{"loc":{"start":{"line":55,"column":18},"end":{"line":55,"column":52}},"type":"cond-expr","locations":[{"start":{"line":55,"column":33},"end":{"line":55,"column":39}},{"start":{"line":55,"column":42},"end":{"line":55,"column":52}}]},"2":{"loc":{"start":{"line":63,"column":18},"end":{"line":63,"column":52}},"type":"cond-expr","locations":[{"start":{"line":63,"column":33},"end":{"line":63,"column":39}},{"start":{"line":63,"column":42},"end":{"line":63,"column":52}}]}},"s":{"0":2,"1":2,"2":2,"3":2,"4":18,"5":18,"6":18,"7":18,"8":18,"9":18,"10":18,"11":3,"12":3,"13":2,"14":2,"15":1,"16":1,"17":1,"18":1,"19":1,"20":1,"21":1,"22":1,"23":1,"24":18,"25":3,"26":4,"27":3,"28":1,"29":2},"f":{"0":18,"1":3,"2":3,"3":4,"4":3,"5":1},"b":{"0":[2,1],"1":[2,16],"2":[2,16]}}
,"/Users/cam/coding-projects/to-do/frontend/src/components/TodoForm.tsx": {"path":"/Users/cam/coding-projects/to-do/frontend/src/components/TodoForm.tsx","statementMap":{"0":{"start":{"line":1,"column":0},"end":{"line":1,"column":44}},"1":{"start":{"line":2,"column":0},"end":{"line":2,"column":26}},"2":{"start":{"line":9,"column":42},"end":{"line":89,"column":1}},"3":{"start":{"line":10,"column":28},"end":{"line":10,"column":73}},"4":{"start":{"line":11,"column":32},"end":{"line":11,"column":74}},"5":{"start":{"line":12,"column":34},"end":{"line":12,"column":80}},"6":{"start":{"line":14,"column":2},"end":{"line":19,"column":null}},"7":{"start":{"line":15,"column":4},"end":{"line":18,"column":5}},"8":{"start":{"line":16,"column":6},"end":{"line":16,"column":32}},"9":{"start":{"line":17,"column":6},"end":{"line":17,"column":null}},"10":{"start":{"line":21,"column":23},"end":{"line":44,"column":3}},"11":{"start":{"line":22,"column":4},"end":{"line":22,"column":23}},"12":{"start":{"line":24,"column":4},"end":{"line":27,"column":5}},"13":{"start":{"line":25,"column":6},"end":{"line":25,"column":null}},"14":{"start":{"line":26,"column":6},"end":{"line":26,"column":13}},"15":{"start":{"line":28,"column":4},"end":{"line":43,"column":5}},"16":{"start":{"line":30,"column":6},"end":{"line":40,"column":7}},"17":{"start":{"line":31,"column":25},"end":{"line":31,"column":85}},"18":{"start":{"line":32,"column":8},"end":{"line":32,"column":39}},"19":{"start":{"line":33,"column":8},"end":{"line":33,"column":21}},"20":{"start":{"line":34,"column":8},"end":{"line":34,"column":23}},"21":{"start":{"line":35,"column":8},"end":{"line":35,"column":null}},"22":{"start":{"line":38,"column":25},"end":{"line":38,"column":100}},"23":{"start":{"line":39,"column":8},"end":{"line":39,"column":null}},"24":{"start":{"line":42,"column":6},"end":{"line":42,"column":48}},"25":{"start":{"line":46,"column":2},"end":{"line":88,"column":4}},"26":{"start":{"line":55,"column":26},"end":{"line":55,"column":51}},"27":{"start":{"line":65,"column":26},"end":{"line":65,"column":53}},"28":{"start":{"line":77,"column":29},"end":{"line":77,"column":58}},"29":{"start":{"line":91,"column":0},"end":{"line":91,"column":24}}},"fnMap":{"0":{"name":"(anonymous_1)","decl":{"start":{"line":9,"column":42},"end":{"line":9,"column":43}},"loc":{"start":{"line":9,"column":64},"end":{"line":89,"column":1}}},"1":{"name":"(anonymous_2)","decl":{"start":{"line":14,"column":12},"end":{"line":14,"column":15}},"loc":{"start":{"line":14,"column":17},"end":{"line":19,"column":3}}},"2":{"name":"(anonymous_3)","decl":{"start":{"line":21,"column":23},"end":{"line":21,"column":28}},"loc":{"start":{"line":21,"column":69},"end":{"line":44,"column":3}}},"3":{"name":"(anonymous_4)","decl":{"start":{"line":55,"column":20},"end":{"line":55,"column":21}},"loc":{"start":{"line":55,"column":24},"end":{"line":55,"column":51}}},"4":{"name":"(anonymous_5)","decl":{"start":{"line":65,"column":20},"end":{"line":65,"column":21}},"loc":{"start":{"line":65,"column":24},"end":{"line":65,"column":53}}},"5":{"name":"(anonymous_6)","decl":{"start":{"line":77,"column":22},"end":{"line":77,"column":23}},"loc":{"start":{"line":77,"column":29},"end":{"line":77,"column":58}}}},"branchMap":{"0":{"loc":{"start":{"line":10,"column":45},"end":{"line":10,"column":72}},"type":"cond-expr","locations":[{"start":{"line":10,"column":52},"end":{"line":10,"column":67}},{"start":{"line":10,"column":70},"end":{"line":10,"column":72}}]},"1":{"loc":{"start":{"line":11,"column":49},"end":{"line":11,"column":73}},"type":"cond-expr","locations":[{"start":{"line":11,"column":56},"end":{"line":11,"column":68}},{"start":{"line":11,"column":71},"end":{"line":11,"column":73}}]},"2":{"loc":{"start":{"line":12,"column":52},"end":{"line":12,"column":79}},"type":"cond-expr","locations":[{"start":{"line":12,"column":58},"end":{"line":12,"column":71}},{"start":{"line":12,"column":74},"end":{"line":12,"column":79}}]},"3":{"loc":{"start":{"line":15,"column":4},"end":{"line":18,"column":5}},"type":"if","locations":[{"start":{"line":15,"column":4},"end":{"line":18,"column":5}}]},"4":{"loc":{"start":{"line":24,"column":4},"end":{"line":27,"column":5}},"type":"if","locations":[{"start":{"line":24,"column":4},"end":{"line":27,"column":5}}]},"5":{"loc":{"start":{"line":30,"column":6},"end":{"line":40,"column":7}},"type":"if","locations":[{"start":{"line":30,"column":6},"end":{"line":40,"column":7}},{"start":{"line":37,"column":13},"end":{"line":40,"column":7}}]},"6":{"loc":{"start":{"line":48,"column":11},"end":{"line":48,"column":52}},"type":"cond-expr","locations":[{"start":{"line":48,"column":18},"end":{"line":48,"column":32}},{"start":{"line":48,"column":35},"end":{"line":48,"column":52}}]},"7":{"loc":{"start":{"line":73,"column":39},"end":{"line":73,"column":71}},"type":"cond-expr","locations":[{"start":{"line":73,"column":50},"end":{"line":73,"column":66}},{"start":{"line":73,"column":69},"end":{"line":73,"column":71}}]},"8":{"loc":{"start":{"line":84,"column":11},"end":{"line":84,"column":44}},"type":"cond-expr","locations":[{"start":{"line":84,"column":18},"end":{"line":84,"column":31}},{"start":{"line":84,"column":34},"end":{"line":84,"column":44}}]}},"s":{"0":1,"1":1,"2":1,"3":4,"4":4,"5":4,"6":4,"7":1,"8":0,"9":0,"10":4,"11":1,"12":1,"13":0,"14":0,"15":1,"16":1,"17":1,"18":1,"19":1,"20":1,"21":1,"22":0,"23":0,"24":0,"25":4,"26":1,"27":1,"28":0,"29":1},"f":{"0":4,"1":1,"2":1,"3":1,"4":1,"5":0},"b":{"0":[0,4],"1":[0,4],"2":[0,4],"3":[0],"4":[0],"5":[1,0],"6":[0,4],"7":[0,4],"8":[0,4]}}
}
