{"/Users/cam/coding-projects/to-do/frontend/src/App.tsx": {"path":"/Users/cam/coding-projects/to-do/frontend/src/App.tsx","statementMap":{"0":{"start":{"line":1,"column":0},"end":{"line":1,"column":44}},"1":{"start":{"line":2,"column":0},"end":{"line":2,"column":26}},"2":{"start":{"line":3,"column":0},"end":{"line":3,"column":74}},"3":{"start":{"line":5,"column":0},"end":{"line":5,"column":24}},"4":{"start":{"line":7,"column":0},"end":{"line":7,"column":41}},"5":{"start":{"line":8,"column":0},"end":{"line":8,"column":39}},"6":{"start":{"line":9,"column":0},"end":{"line":9,"column":45}},"7":{"start":{"line":10,"column":0},"end":{"line":10,"column":45}},"8":{"start":{"line":11,"column":0},"end":{"line":11,"column":51}},"9":{"start":{"line":12,"column":0},"end":{"line":12,"column":39}},"10":{"start":{"line":13,"column":0},"end":{"line":13,"column":45}},"11":{"start":{"line":28,"column":22},"end":{"line":185,"column":1}},"12":{"start":{"line":29,"column":30},"end":{"line":29,"column":50}},"13":{"start":{"line":30,"column":30},"end":{"line":30,"column":50}},"14":{"start":{"line":31,"column":28},"end":{"line":31,"column":56}},"15":{"start":{"line":33,"column":21},"end":{"line":41,"column":3}},"16":{"start":{"line":34,"column":4},"end":{"line":40,"column":5}},"17":{"start":{"line":35,"column":23},"end":{"line":35,"column":52}},"18":{"start":{"line":36,"column":6},"end":{"line":36,"column":30}},"19":{"start":{"line":38,"column":6},"end":{"line":38,"column":51}},"20":{"start":{"line":39,"column":6},"end":{"line":39,"column":null}},"21":{"start":{"line":43,"column":20},"end":{"line":51,"column":3}},"22":{"start":{"line":44,"column":4},"end":{"line":50,"column":5}},"23":{"start":{"line":45,"column":23},"end":{"line":45,"column":52}},"24":{"start":{"line":46,"column":6},"end":{"line":46,"column":null}},"25":{"start":{"line":48,"column":6},"end":{"line":48,"column":51}},"26":{"start":{"line":49,"column":6},"end":{"line":49,"column":null}},"27":{"start":{"line":54,"column":2},"end":{"line":59,"column":9}},"28":{"start":{"line":55,"column":4},"end":{"line":55,"column":null}},"29":{"start":{"line":56,"column":4},"end":{"line":58,"column":5}},"30":{"start":{"line":57,"column":6},"end":{"line":57,"column":19}},"31":{"start":{"line":62,"column":26},"end":{"line":64,"column":3}},"32":{"start":{"line":63,"column":4},"end":{"line":63,"column":null}},"33":{"start":{"line":66,"column":31},"end":{"line":76,"column":3}},"34":{"start":{"line":67,"column":6},"end":{"line":75,"column":5}},"35":{"start":{"line":68,"column":8},"end":{"line":68,"column":61}},"36":{"start":{"line":69,"column":8},"end":{"line":72,"column":null}},"37":{"start":{"line":70,"column":8},"end":{"line":71,"column":null}},"38":{"start":{"line":71,"column":10},"end":{"line":71,"column":61}},"39":{"start":{"line":74,"column":6},"end":{"line":74,"column":null}},"40":{"start":{"line":78,"column":27},"end":{"line":94,"column":3}},"41":{"start":{"line":79,"column":4},"end":{"line":93,"column":5}},"42":{"start":{"line":80,"column":23},"end":{"line":80,"column":88}},"43":{"start":{"line":81,"column":6},"end":{"line":90,"column":8}},"44":{"start":{"line":82,"column":8},"end":{"line":88,"column":null}},"45":{"start":{"line":83,"column":10},"end":{"line":88,"column":18}},"46":{"start":{"line":92,"column":6},"end":{"line":92,"column":50}},"47":{"start":{"line":96,"column":27},"end":{"line":107,"column":3}},"48":{"start":{"line":97,"column":4},"end":{"line":106,"column":5}},"49":{"start":{"line":98,"column":6},"end":{"line":105,"column":7}},"50":{"start":{"line":99,"column":25},"end":{"line":99,"column":74}},"51":{"start":{"line":100,"column":8},"end":{"line":100,"column":null}},"52":{"start":{"line":101,"column":8},"end":{"line":101,"column":null}},"53":{"start":{"line":103,"column":8},"end":{"line":103,"column":null}},"54":{"start":{"line":104,"column":8},"end":{"line":104,"column":null}},"55":{"start":{"line":109,"column":22},"end":{"line":112,"column":3}},"56":{"start":{"line":110,"column":4},"end":{"line":110,"column":18}},"57":{"start":{"line":111,"column":4},"end":{"line":111,"column":17}},"58":{"start":{"line":114,"column":23},"end":{"line":117,"column":3}},"59":{"start":{"line":115,"column":4},"end":{"line":115,"column":18}},"60":{"start":{"line":116,"column":4},"end":{"line":116,"column":17}},"61":{"start":{"line":119,"column":25},"end":{"line":121,"column":3}},"62":{"start":{"line":120,"column":4},"end":{"line":120,"column":null}},"63":{"start":{"line":123,"column":2},"end":{"line":184,"column":4}},"64":{"start":{"line":187,"column":0},"end":{"line":187,"column":19}}},"fnMap":{"0":{"name":"(anonymous_1)","decl":{"start":{"line":28,"column":22},"end":{"line":28,"column":25}},"loc":{"start":{"line":28,"column":27},"end":{"line":185,"column":1}}},"1":{"name":"(anonymous_2)","decl":{"start":{"line":33,"column":21},"end":{"line":33,"column":26}},"loc":{"start":{"line":33,"column":32},"end":{"line":41,"column":3}}},"2":{"name":"(anonymous_3)","decl":{"start":{"line":43,"column":20},"end":{"line":43,"column":25}},"loc":{"start":{"line":43,"column":31},"end":{"line":51,"column":3}}},"3":{"name":"(anonymous_4)","decl":{"start":{"line":54,"column":12},"end":{"line":54,"column":15}},"loc":{"start":{"line":54,"column":17},"end":{"line":59,"column":3}}},"4":{"name":"(anonymous_5)","decl":{"start":{"line":62,"column":26},"end":{"line":62,"column":27}},"loc":{"start":{"line":62,"column":130},"end":{"line":64,"column":3}}},"5":{"name":"(anonymous_6)","decl":{"start":{"line":66,"column":31},"end":{"line":66,"column":36}},"loc":{"start":{"line":66,"column":72},"end":{"line":76,"column":3}}},"6":{"name":"(anonymous_7)","decl":{"start":{"line":69,"column":17},"end":{"line":69,"column":18}},"loc":{"start":{"line":70,"column":8},"end":{"line":71,"column":null}}},"7":{"name":"(anonymous_8)","decl":{"start":{"line":70,"column":22},"end":{"line":70,"column":23}},"loc":{"start":{"line":71,"column":10},"end":{"line":71,"column":61}}},"8":{"name":"(anonymous_9)","decl":{"start":{"line":78,"column":27},"end":{"line":78,"column":32}},"loc":{"start":{"line":78,"column":99},"end":{"line":94,"column":3}}},"9":{"name":"(anonymous_10)","decl":{"start":{"line":81,"column":15},"end":{"line":81,"column":16}},"loc":{"start":{"line":82,"column":8},"end":{"line":88,"column":null}}},"10":{"name":"(anonymous_11)","decl":{"start":{"line":82,"column":22},"end":{"line":82,"column":23}},"loc":{"start":{"line":83,"column":10},"end":{"line":88,"column":18}}},"11":{"name":"(anonymous_12)","decl":{"start":{"line":96,"column":27},"end":{"line":96,"column":32}},"loc":{"start":{"line":96,"column":65},"end":{"line":107,"column":3}}},"12":{"name":"(anonymous_13)","decl":{"start":{"line":109,"column":22},"end":{"line":109,"column":27}},"loc":{"start":{"line":109,"column":66},"end":{"line":112,"column":3}}},"13":{"name":"(anonymous_14)","decl":{"start":{"line":114,"column":23},"end":{"line":114,"column":28}},"loc":{"start":{"line":114,"column":34},"end":{"line":117,"column":3}}},"14":{"name":"(anonymous_15)","decl":{"start":{"line":119,"column":25},"end":{"line":119,"column":30}},"loc":{"start":{"line":119,"column":69},"end":{"line":121,"column":3}}}},"branchMap":{"0":{"loc":{"start":{"line":56,"column":4},"end":{"line":58,"column":5}},"type":"if","locations":[{"start":{"line":56,"column":4},"end":{"line":58,"column":5}}]},"1":{"loc":{"start":{"line":71,"column":10},"end":{"line":71,"column":61}},"type":"cond-expr","locations":[{"start":{"line":71,"column":32},"end":{"line":71,"column":54}},{"start":{"line":71,"column":57},"end":{"line":71,"column":61}}]},"2":{"loc":{"start":{"line":83,"column":10},"end":{"line":88,"column":18}},"type":"cond-expr","locations":[{"start":{"line":83,"column":32},"end":{"line":88,"column":12}},{"start":{"line":88,"column":14},"end":{"line":88,"column":18}}]},"3":{"loc":{"start":{"line":97,"column":4},"end":{"line":106,"column":5}},"type":"if","locations":[{"start":{"line":97,"column":4},"end":{"line":106,"column":5}}]},"4":{"loc":{"start":{"line":159,"column":19},"end":{"line":162,"column":null}},"type":"cond-expr","locations":[{"start":{"line":159,"column":40},"end":{"line":159,"column":105}},{"start":{"line":160,"column":20},"end":{"line":162,"column":null}}]}},"s":{"0":1,"1":1,"2":1,"3":1,"4":1,"5":1,"6":1,"7":1,"8":1,"9":1,"10":1,"11":1,"12":3,"13":3,"14":3,"15":3,"16":0,"17":0,"18":0,"19":0,"20":0,"21":3,"22":1,"23":1,"24":1,"25":1,"26":1,"27":3,"28":1,"29":1,"30":0,"31":3,"32":0,"33":3,"34":0,"35":0,"36":0,"37":0,"38":0,"39":0,"40":3,"41":0,"42":0,"43":0,"44":0,"45":0,"46":0,"47":3,"48":0,"49":0,"50":0,"51":0,"52":0,"53":0,"54":0,"55":3,"56":0,"57":0,"58":3,"59":0,"60":0,"61":3,"62":1,"63":3,"64":1},"f":{"0":3,"1":0,"2":1,"3":1,"4":0,"5":0,"6":0,"7":0,"8":0,"9":0,"10":0,"11":0,"12":0,"13":0,"14":1},"b":{"0":[0],"1":[0,0],"2":[0,0],"3":[0],"4":[0,3]}}
,"/Users/cam/coding-projects/to-do/frontend/src/components/Index.tsx": {"path":"/Users/cam/coding-projects/to-do/frontend/src/components/Index.tsx","statementMap":{"0":{"start":{"line":1,"column":0},"end":{"line":1,"column":40}},"1":{"start":{"line":3,"column":24},"end":{"line":22,"column":1}},"2":{"start":{"line":4,"column":2},"end":{"line":21,"column":4}},"3":{"start":{"line":24,"column":0},"end":{"line":24,"column":21}}},"fnMap":{"0":{"name":"(anonymous_0)","decl":{"start":{"line":3,"column":24},"end":{"line":3,"column":27}},"loc":{"start":{"line":3,"column":29},"end":{"line":22,"column":1}}}},"branchMap":{},"s":{"0":3,"1":3,"2":5,"3":3},"f":{"0":5},"b":{}}
,"/Users/cam/coding-projects/to-do/frontend/src/components/Login.tsx": {"path":"/Users/cam/coding-projects/to-do/frontend/src/components/Login.tsx","statementMap":{"0":{"start":{"line":1,"column":0},"end":{"line":1,"column":26}},"1":{"start":{"line":2,"column":0},"end":{"line":2,"column":33}},"2":{"start":{"line":3,"column":0},"end":{"line":3,"column":47}},"3":{"start":{"line":9,"column":36},"end":{"line":65,"column":1}},"4":{"start":{"line":10,"column":28},"end":{"line":10,"column":48}},"5":{"start":{"line":11,"column":34},"end":{"line":11,"column":54}},"6":{"start":{"line":12,"column":28},"end":{"line":12,"column":48}},"7":{"start":{"line":13,"column":42},"end":{"line":13,"column":66}},"8":{"start":{"line":15,"column":19},"end":{"line":15,"column":32}},"9":{"start":{"line":17,"column":22},"end":{"line":30,"column":3}},"10":{"start":{"line":18,"column":4},"end":{"line":18,"column":23}},"11":{"start":{"line":19,"column":4},"end":{"line":29,"column":5}},"12":{"start":{"line":20,"column":23},"end":{"line":20,"column":74}},"13":{"start":{"line":21,"column":6},"end":{"line":21,"column":35}},"14":{"start":{"line":22,"column":6},"end":{"line":22,"column":19}},"15":{"start":{"line":23,"column":6},"end":{"line":23,"column":22}},"16":{"start":{"line":24,"column":6},"end":{"line":24,"column":25}},"17":{"start":{"line":26,"column":6},"end":{"line":26,"column":52}},"18":{"start":{"line":27,"column":6},"end":{"line":28,"column":60}},"19":{"start":{"line":32,"column":2},"end":{"line":64,"column":4}},"20":{"start":{"line":43,"column":27},"end":{"line":43,"column":51}},"21":{"start":{"line":51,"column":27},"end":{"line":51,"column":54}},"22":{"start":{"line":55,"column":111},"end":{"line":55,"column":141}},"23":{"start":{"line":67,"column":0},"end":{"line":67,"column":21}}},"fnMap":{"0":{"name":"(anonymous_1)","decl":{"start":{"line":9,"column":36},"end":{"line":9,"column":37}},"loc":{"start":{"line":9,"column":53},"end":{"line":65,"column":1}}},"1":{"name":"(anonymous_2)","decl":{"start":{"line":17,"column":22},"end":{"line":17,"column":27}},"loc":{"start":{"line":17,"column":68},"end":{"line":30,"column":3}}},"2":{"name":"(anonymous_3)","decl":{"start":{"line":43,"column":22},"end":{"line":43,"column":23}},"loc":{"start":{"line":43,"column":27},"end":{"line":43,"column":51}}},"3":{"name":"(anonymous_4)","decl":{"start":{"line":51,"column":22},"end":{"line":51,"column":23}},"loc":{"start":{"line":51,"column":27},"end":{"line":51,"column":54}}},"4":{"name":"(anonymous_5)","decl":{"start":{"line":55,"column":105},"end":{"line":55,"column":108}},"loc":{"start":{"line":55,"column":111},"end":{"line":55,"column":141}}}},"branchMap":{"0":{"loc":{"start":{"line":48,"column":18},"end":{"line":48,"column":52}},"type":"cond-expr","locations":[{"start":{"line":48,"column":33},"end":{"line":48,"column":39}},{"start":{"line":48,"column":42},"end":{"line":48,"column":52}}]}},"s":{"0":3,"1":3,"2":3,"3":3,"4":11,"5":11,"6":11,"7":11,"8":11,"9":11,"10":2,"11":2,"12":2,"13":1,"14":1,"15":1,"16":1,"17":1,"18":1,"19":11,"20":2,"21":3,"22":1,"23":3},"f":{"0":11,"1":2,"2":2,"3":3,"4":1},"b":{"0":[2,9]}}
,"/Users/cam/coding-projects/to-do/frontend/src/components/Navbar.tsx": {"path":"/Users/cam/coding-projects/to-do/frontend/src/components/Navbar.tsx","statementMap":{"0":{"start":{"line":1,"column":0},"end":{"line":1,"column":26}},"1":{"start":{"line":2,"column":0},"end":{"line":2,"column":53}},"2":{"start":{"line":9,"column":38},"end":{"line":44,"column":1}},"3":{"start":{"line":10,"column":19},"end":{"line":10,"column":32}},"4":{"start":{"line":12,"column":19},"end":{"line":20,"column":3}},"5":{"start":{"line":13,"column":4},"end":{"line":19,"column":5}},"6":{"start":{"line":14,"column":6},"end":{"line":14,"column":38}},"7":{"start":{"line":15,"column":6},"end":{"line":15,"column":21}},"8":{"start":{"line":16,"column":6},"end":{"line":16,"column":20}},"9":{"start":{"line":18,"column":6},"end":{"line":18,"column":null}},"10":{"start":{"line":21,"column":2},"end":{"line":43,"column":4}},"11":{"start":{"line":46,"column":0},"end":{"line":46,"column":22}}},"fnMap":{"0":{"name":"(anonymous_1)","decl":{"start":{"line":9,"column":38},"end":{"line":9,"column":39}},"loc":{"start":{"line":9,"column":65},"end":{"line":44,"column":1}}},"1":{"name":"(anonymous_2)","decl":{"start":{"line":12,"column":19},"end":{"line":12,"column":24}},"loc":{"start":{"line":12,"column":30},"end":{"line":20,"column":3}}}},"branchMap":{"0":{"loc":{"start":{"line":29,"column":11},"end":{"line":36,"column":null}},"type":"binary-expr","locations":[{"start":{"line":29,"column":11},"end":{"line":29,"column":15}},{"start":{"line":30,"column":10},"end":{"line":36,"column":null}}]}},"s":{"0":3,"1":3,"2":3,"3":6,"4":6,"5":1,"6":1,"7":1,"8":1,"9":0,"10":6,"11":3},"f":{"0":6,"1":1},"b":{"0":[6,3]}}
,"/Users/cam/coding-projects/to-do/frontend/src/components/Register.tsx": {"path":"/Users/cam/coding-projects/to-do/frontend/src/components/Register.tsx","statementMap":{"0":{"start":{"line":1,"column":0},"end":{"line":1,"column":26}},"1":{"start":{"line":2,"column":0},"end":{"line":2,"column":33}},"2":{"start":{"line":3,"column":0},"end":{"line":3,"column":47}},"3":{"start":{"line":9,"column":42},"end":{"line":78,"column":1}},"4":{"start":{"line":11,"column":28},"end":{"line":11,"column":48}},"5":{"start":{"line":12,"column":34},"end":{"line":12,"column":54}},"6":{"start":{"line":13,"column":48},"end":{"line":13,"column":68}},"7":{"start":{"line":14,"column":28},"end":{"line":14,"column":48}},"8":{"start":{"line":15,"column":42},"end":{"line":15,"column":66}},"9":{"start":{"line":16,"column":19},"end":{"line":16,"column":32}},"10":{"start":{"line":18,"column":25},"end":{"line":37,"column":3}},"11":{"start":{"line":19,"column":4},"end":{"line":19,"column":23}},"12":{"start":{"line":21,"column":4},"end":{"line":36,"column":5}},"13":{"start":{"line":22,"column":6},"end":{"line":33,"column":7}},"14":{"start":{"line":23,"column":25},"end":{"line":23,"column":77}},"15":{"start":{"line":24,"column":8},"end":{"line":24,"column":null}},"16":{"start":{"line":25,"column":8},"end":{"line":25,"column":21}},"17":{"start":{"line":26,"column":8},"end":{"line":26,"column":24}},"18":{"start":{"line":27,"column":8},"end":{"line":27,"column":31}},"19":{"start":{"line":28,"column":8},"end":{"line":28,"column":21}},"20":{"start":{"line":29,"column":8},"end":{"line":29,"column":27}},"21":{"start":{"line":31,"column":8},"end":{"line":31,"column":48}},"22":{"start":{"line":32,"column":8},"end":{"line":32,"column":62}},"23":{"start":{"line":35,"column":6},"end":{"line":35,"column":75}},"24":{"start":{"line":39,"column":2},"end":{"line":77,"column":4}},"25":{"start":{"line":51,"column":27},"end":{"line":51,"column":51}},"26":{"start":{"line":59,"column":27},"end":{"line":59,"column":54}},"27":{"start":{"line":67,"column":27},"end":{"line":67,"column":61}},"28":{"start":{"line":70,"column":111},"end":{"line":70,"column":141}},"29":{"start":{"line":80,"column":0},"end":{"line":80,"column":24}}},"fnMap":{"0":{"name":"(anonymous_1)","decl":{"start":{"line":9,"column":42},"end":{"line":9,"column":43}},"loc":{"start":{"line":9,"column":59},"end":{"line":78,"column":1}}},"1":{"name":"(anonymous_2)","decl":{"start":{"line":18,"column":25},"end":{"line":18,"column":30}},"loc":{"start":{"line":18,"column":71},"end":{"line":37,"column":3}}},"2":{"name":"(anonymous_3)","decl":{"start":{"line":51,"column":22},"end":{"line":51,"column":23}},"loc":{"start":{"line":51,"column":27},"end":{"line":51,"column":51}}},"3":{"name":"(anonymous_4)","decl":{"start":{"line":59,"column":22},"end":{"line":59,"column":23}},"loc":{"start":{"line":59,"column":27},"end":{"line":59,"column":54}}},"4":{"name":"(anonymous_5)","decl":{"start":{"line":67,"column":22},"end":{"line":67,"column":23}},"loc":{"start":{"line":67,"column":27},"end":{"line":67,"column":61}}},"5":{"name":"(anonymous_6)","decl":{"start":{"line":70,"column":105},"end":{"line":70,"column":108}},"loc":{"start":{"line":70,"column":111},"end":{"line":70,"column":141}}}},"branchMap":{"0":{"loc":{"start":{"line":21,"column":4},"end":{"line":36,"column":5}},"type":"if","locations":[{"start":{"line":21,"column":4},"end":{"line":36,"column":5}},{"start":{"line":34,"column":11},"end":{"line":36,"column":5}}]},"1":{"loc":{"start":{"line":55,"column":18},"end":{"line":55,"column":52}},"type":"cond-expr","locations":[{"start":{"line":55,"column":33},"end":{"line":55,"column":39}},{"start":{"line":55,"column":42},"end":{"line":55,"column":52}}]},"2":{"loc":{"start":{"line":63,"column":18},"end":{"line":63,"column":52}},"type":"cond-expr","locations":[{"start":{"line":63,"column":33},"end":{"line":63,"column":39}},{"start":{"line":63,"column":42},"end":{"line":63,"column":52}}]}},"s":{"0":3,"1":3,"2":3,"3":3,"4":22,"5":22,"6":22,"7":22,"8":22,"9":22,"10":22,"11":4,"12":4,"13":3,"14":3,"15":2,"16":2,"17":2,"18":2,"19":2,"20":2,"21":1,"22":1,"23":1,"24":22,"25":4,"26":5,"27":4,"28":1,"29":3},"f":{"0":22,"1":4,"2":4,"3":5,"4":4,"5":1},"b":{"0":[3,1],"1":[2,20],"2":[2,20]}}
,"/Users/cam/coding-projects/to-do/frontend/src/components/TodoDetails.tsx": {"path":"/Users/cam/coding-projects/to-do/frontend/src/components/TodoDetails.tsx","statementMap":{"0":{"start":{"line":1,"column":0},"end":{"line":1,"column":64}},"1":{"start":{"line":2,"column":0},"end":{"line":2,"column":44}},"2":{"start":{"line":3,"column":0},"end":{"line":3,"column":26}},"3":{"start":{"line":5,"column":0},"end":{"line":5,"column":34}},"4":{"start":{"line":22,"column":47},"end":{"line":135,"column":1}},"5":{"start":{"line":23,"column":17},"end":{"line":23,"column":44}},"6":{"start":{"line":24,"column":26},"end":{"line":24,"column":53}},"7":{"start":{"line":25,"column":36},"end":{"line":25,"column":51}},"8":{"start":{"line":26,"column":19},"end":{"line":26,"column":32}},"9":{"start":{"line":28,"column":2},"end":{"line":38,"column":10}},"10":{"start":{"line":29,"column":22},"end":{"line":36,"column":5}},"11":{"start":{"line":30,"column":6},"end":{"line":35,"column":7}},"12":{"start":{"line":31,"column":25},"end":{"line":31,"column":60}},"13":{"start":{"line":32,"column":8},"end":{"line":32,"column":31}},"14":{"start":{"line":34,"column":8},"end":{"line":34,"column":52}},"15":{"start":{"line":37,"column":4},"end":{"line":37,"column":16}},"16":{"start":{"line":40,"column":2},"end":{"line":42,"column":3}},"17":{"start":{"line":41,"column":4},"end":{"line":41,"column":33}},"18":{"start":{"line":44,"column":23},"end":{"line":58,"column":3}},"19":{"start":{"line":45,"column":4},"end":{"line":45,"column":22}},"20":{"start":{"line":45,"column":15},"end":{"line":45,"column":22}},"21":{"start":{"line":47,"column":25},"end":{"line":47,"column":40}},"22":{"start":{"line":48,"column":27},"end":{"line":48,"column":39}},"23":{"start":{"line":49,"column":28},"end":{"line":49,"column":41}},"24":{"start":{"line":50,"column":4},"end":{"line":50,"column":78}},"25":{"start":{"line":51,"column":4},"end":{"line":51,"column":24}},"26":{"start":{"line":52,"column":4},"end":{"line":57,"column":null}},"27":{"start":{"line":52,"column":26},"end":{"line":57,"column":12}},"28":{"start":{"line":61,"column":23},"end":{"line":65,"column":3}},"29":{"start":{"line":62,"column":29},"end":{"line":62,"column":45}},"30":{"start":{"line":63,"column":4},"end":{"line":63,"column":53}},"31":{"start":{"line":64,"column":4},"end":{"line":64,"column":88}},"32":{"start":{"line":64,"column":26},"end":{"line":64,"column":86}},"33":{"start":{"line":67,"column":23},"end":{"line":72,"column":3}},"34":{"start":{"line":68,"column":26},"end":{"line":68,"column":32}},"35":{"start":{"line":69,"column":4},"end":{"line":69,"column":null}},"36":{"start":{"line":70,"column":4},"end":{"line":70,"column":83}},"37":{"start":{"line":70,"column":26},"end":{"line":70,"column":81}},"38":{"start":{"line":71,"column":4},"end":{"line":71,"column":23}},"39":{"start":{"line":74,"column":19},"end":{"line":76,"column":3}},"40":{"start":{"line":75,"column":4},"end":{"line":75,"column":null}},"41":{"start":{"line":78,"column":12},"end":{"line":78,"column":49}},"42":{"start":{"line":79,"column":24},"end":{"line":79,"column":46}},"43":{"start":{"line":80,"column":24},"end":{"line":80,"column":46}},"44":{"start":{"line":83,"column":2},"end":{"line":134,"column":4}},"45":{"start":{"line":90,"column":66},"end":{"line":90,"column":85}},"46":{"start":{"line":110,"column":35},"end":{"line":110,"column":53}},"47":{"start":{"line":137,"column":0},"end":{"line":137,"column":27}}},"fnMap":{"0":{"name":"(anonymous_1)","decl":{"start":{"line":22,"column":47},"end":{"line":22,"column":48}},"loc":{"start":{"line":22,"column":100},"end":{"line":135,"column":1}}},"1":{"name":"(anonymous_2)","decl":{"start":{"line":28,"column":12},"end":{"line":28,"column":15}},"loc":{"start":{"line":28,"column":17},"end":{"line":38,"column":3}}},"2":{"name":"(anonymous_3)","decl":{"start":{"line":29,"column":22},"end":{"line":29,"column":27}},"loc":{"start":{"line":29,"column":33},"end":{"line":36,"column":5}}},"3":{"name":"(anonymous_4)","decl":{"start":{"line":44,"column":23},"end":{"line":44,"column":28}},"loc":{"start":{"line":44,"column":113},"end":{"line":58,"column":3}}},"4":{"name":"(anonymous_5)","decl":{"start":{"line":52,"column":12},"end":{"line":52,"column":13}},"loc":{"start":{"line":52,"column":26},"end":{"line":57,"column":12}}},"5":{"name":"(anonymous_6)","decl":{"start":{"line":61,"column":23},"end":{"line":61,"column":28}},"loc":{"start":{"line":61,"column":72},"end":{"line":65,"column":3}}},"6":{"name":"(anonymous_7)","decl":{"start":{"line":64,"column":12},"end":{"line":64,"column":13}},"loc":{"start":{"line":64,"column":26},"end":{"line":64,"column":86}}},"7":{"name":"(anonymous_8)","decl":{"start":{"line":67,"column":23},"end":{"line":67,"column":28}},"loc":{"start":{"line":67,"column":61},"end":{"line":72,"column":3}}},"8":{"name":"(anonymous_9)","decl":{"start":{"line":70,"column":12},"end":{"line":70,"column":13}},"loc":{"start":{"line":70,"column":26},"end":{"line":70,"column":81}}},"9":{"name":"(anonymous_10)","decl":{"start":{"line":74,"column":19},"end":{"line":74,"column":22}},"loc":{"start":{"line":74,"column":24},"end":{"line":76,"column":3}}},"10":{"name":"(anonymous_11)","decl":{"start":{"line":90,"column":60},"end":{"line":90,"column":63}},"loc":{"start":{"line":90,"column":66},"end":{"line":90,"column":85}}},"11":{"name":"(anonymous_12)","decl":{"start":{"line":110,"column":29},"end":{"line":110,"column":32}},"loc":{"start":{"line":110,"column":35},"end":{"line":110,"column":53}}}},"branchMap":{"0":{"loc":{"start":{"line":40,"column":2},"end":{"line":42,"column":3}},"type":"if","locations":[{"start":{"line":40,"column":2},"end":{"line":42,"column":3}}]},"1":{"loc":{"start":{"line":45,"column":4},"end":{"line":45,"column":22}},"type":"if","locations":[{"start":{"line":45,"column":4},"end":{"line":45,"column":22}}]},"2":{"loc":{"start":{"line":52,"column":26},"end":{"line":57,"column":12}},"type":"cond-expr","locations":[{"start":{"line":52,"column":37},"end":{"line":57,"column":6}},{"start":{"line":57,"column":8},"end":{"line":57,"column":12}}]},"3":{"loc":{"start":{"line":64,"column":26},"end":{"line":64,"column":86}},"type":"cond-expr","locations":[{"start":{"line":64,"column":37},"end":{"line":64,"column":79}},{"start":{"line":64,"column":82},"end":{"line":64,"column":86}}]},"4":{"loc":{"start":{"line":70,"column":26},"end":{"line":70,"column":81}},"type":"cond-expr","locations":[{"start":{"line":70,"column":37},"end":{"line":70,"column":74}},{"start":{"line":70,"column":77},"end":{"line":70,"column":81}}]},"5":{"loc":{"start":{"line":88,"column":5},"end":{"line":131,"column":null}},"type":"cond-expr","locations":[{"start":{"line":89,"column":6},"end":{"line":96,"column":null}},{"start":{"line":99,"column":6},"end":{"line":130,"column":null}}]},"6":{"loc":{"start":{"line":103,"column":37},"end":{"line":103,"column":77}},"type":"cond-expr","locations":[{"start":{"line":103,"column":54},"end":{"line":103,"column":72}},{"start":{"line":103,"column":75},"end":{"line":103,"column":77}}]},"7":{"loc":{"start":{"line":119,"column":17},"end":{"line":121,"column":62}},"type":"cond-expr","locations":[{"start":{"line":120,"column":16},"end":{"line":120,"column":65}},{"start":{"line":121,"column":16},"end":{"line":121,"column":62}}]},"8":{"loc":{"start":{"line":125,"column":13},"end":{"line":125,"column":209}},"type":"binary-expr","locations":[{"start":{"line":125,"column":13},"end":{"line":125,"column":26}},{"start":{"line":125,"column":30},"end":{"line":125,"column":209}}]}},"s":{"0":2,"1":2,"2":2,"3":2,"4":2,"5":12,"6":12,"7":12,"8":12,"9":12,"10":5,"11":5,"12":5,"13":4,"14":1,"15":5,"16":12,"17":5,"18":7,"19":0,"20":0,"21":0,"22":0,"23":0,"24":0,"25":0,"26":0,"27":0,"28":7,"29":1,"30":1,"31":1,"32":1,"33":7,"34":1,"35":1,"36":1,"37":0,"38":1,"39":7,"40":1,"41":7,"42":7,"43":7,"44":7,"45":0,"46":2,"47":2},"f":{"0":12,"1":5,"2":5,"3":0,"4":0,"5":1,"6":1,"7":1,"8":0,"9":1,"10":0,"11":2},"b":{"0":[5],"1":[0],"2":[0,0],"3":[1,0],"4":[0,0],"5":[2,5],"6":[1,4],"7":[1,4],"8":[5,0]}}
,"/Users/cam/coding-projects/to-do/frontend/src/components/TodoForm.tsx": {"path":"/Users/cam/coding-projects/to-do/frontend/src/components/TodoForm.tsx","statementMap":{"0":{"start":{"line":1,"column":0},"end":{"line":1,"column":44}},"1":{"start":{"line":2,"column":0},"end":{"line":2,"column":26}},"2":{"start":{"line":9,"column":42},"end":{"line":89,"column":1}},"3":{"start":{"line":10,"column":28},"end":{"line":10,"column":73}},"4":{"start":{"line":11,"column":32},"end":{"line":11,"column":74}},"5":{"start":{"line":12,"column":34},"end":{"line":12,"column":80}},"6":{"start":{"line":14,"column":2},"end":{"line":19,"column":13}},"7":{"start":{"line":15,"column":4},"end":{"line":18,"column":5}},"8":{"start":{"line":16,"column":6},"end":{"line":16,"column":32}},"9":{"start":{"line":17,"column":6},"end":{"line":17,"column":31}},"10":{"start":{"line":21,"column":23},"end":{"line":44,"column":3}},"11":{"start":{"line":22,"column":4},"end":{"line":22,"column":23}},"12":{"start":{"line":24,"column":4},"end":{"line":27,"column":5}},"13":{"start":{"line":25,"column":6},"end":{"line":25,"column":41}},"14":{"start":{"line":26,"column":6},"end":{"line":26,"column":13}},"15":{"start":{"line":28,"column":4},"end":{"line":43,"column":5}},"16":{"start":{"line":30,"column":6},"end":{"line":40,"column":7}},"17":{"start":{"line":31,"column":25},"end":{"line":31,"column":85}},"18":{"start":{"line":32,"column":8},"end":{"line":32,"column":39}},"19":{"start":{"line":33,"column":8},"end":{"line":33,"column":21}},"20":{"start":{"line":34,"column":8},"end":{"line":34,"column":23}},"21":{"start":{"line":35,"column":8},"end":{"line":35,"column":27}},"22":{"start":{"line":38,"column":25},"end":{"line":38,"column":100}},"23":{"start":{"line":39,"column":8},"end":{"line":39,"column":39}},"24":{"start":{"line":42,"column":6},"end":{"line":42,"column":48}},"25":{"start":{"line":46,"column":2},"end":{"line":88,"column":4}},"26":{"start":{"line":55,"column":26},"end":{"line":55,"column":51}},"27":{"start":{"line":65,"column":26},"end":{"line":65,"column":53}},"28":{"start":{"line":77,"column":29},"end":{"line":77,"column":58}},"29":{"start":{"line":91,"column":0},"end":{"line":91,"column":24}}},"fnMap":{"0":{"name":"(anonymous_1)","decl":{"start":{"line":9,"column":42},"end":{"line":9,"column":43}},"loc":{"start":{"line":9,"column":64},"end":{"line":89,"column":1}}},"1":{"name":"(anonymous_2)","decl":{"start":{"line":14,"column":12},"end":{"line":14,"column":15}},"loc":{"start":{"line":14,"column":17},"end":{"line":19,"column":3}}},"2":{"name":"(anonymous_3)","decl":{"start":{"line":21,"column":23},"end":{"line":21,"column":28}},"loc":{"start":{"line":21,"column":69},"end":{"line":44,"column":3}}},"3":{"name":"(anonymous_4)","decl":{"start":{"line":55,"column":20},"end":{"line":55,"column":21}},"loc":{"start":{"line":55,"column":24},"end":{"line":55,"column":51}}},"4":{"name":"(anonymous_5)","decl":{"start":{"line":65,"column":20},"end":{"line":65,"column":21}},"loc":{"start":{"line":65,"column":24},"end":{"line":65,"column":53}}},"5":{"name":"(anonymous_6)","decl":{"start":{"line":77,"column":22},"end":{"line":77,"column":23}},"loc":{"start":{"line":77,"column":29},"end":{"line":77,"column":58}}}},"branchMap":{"0":{"loc":{"start":{"line":10,"column":45},"end":{"line":10,"column":72}},"type":"cond-expr","locations":[{"start":{"line":10,"column":52},"end":{"line":10,"column":67}},{"start":{"line":10,"column":70},"end":{"line":10,"column":72}}]},"1":{"loc":{"start":{"line":11,"column":49},"end":{"line":11,"column":73}},"type":"cond-expr","locations":[{"start":{"line":11,"column":56},"end":{"line":11,"column":68}},{"start":{"line":11,"column":71},"end":{"line":11,"column":73}}]},"2":{"loc":{"start":{"line":12,"column":52},"end":{"line":12,"column":79}},"type":"cond-expr","locations":[{"start":{"line":12,"column":58},"end":{"line":12,"column":71}},{"start":{"line":12,"column":74},"end":{"line":12,"column":79}}]},"3":{"loc":{"start":{"line":15,"column":4},"end":{"line":18,"column":5}},"type":"if","locations":[{"start":{"line":15,"column":4},"end":{"line":18,"column":5}}]},"4":{"loc":{"start":{"line":24,"column":4},"end":{"line":27,"column":5}},"type":"if","locations":[{"start":{"line":24,"column":4},"end":{"line":27,"column":5}}]},"5":{"loc":{"start":{"line":30,"column":6},"end":{"line":40,"column":7}},"type":"if","locations":[{"start":{"line":30,"column":6},"end":{"line":40,"column":7}},{"start":{"line":37,"column":13},"end":{"line":40,"column":7}}]},"6":{"loc":{"start":{"line":48,"column":11},"end":{"line":48,"column":52}},"type":"cond-expr","locations":[{"start":{"line":48,"column":18},"end":{"line":48,"column":32}},{"start":{"line":48,"column":35},"end":{"line":48,"column":52}}]},"7":{"loc":{"start":{"line":73,"column":39},"end":{"line":73,"column":71}},"type":"cond-expr","locations":[{"start":{"line":73,"column":50},"end":{"line":73,"column":66}},{"start":{"line":73,"column":69},"end":{"line":73,"column":71}}]},"8":{"loc":{"start":{"line":84,"column":11},"end":{"line":84,"column":44}},"type":"cond-expr","locations":[{"start":{"line":84,"column":18},"end":{"line":84,"column":31}},{"start":{"line":84,"column":34},"end":{"line":84,"column":44}}]}},"s":{"0":3,"1":3,"2":3,"3":17,"4":17,"5":17,"6":17,"7":7,"8":4,"9":4,"10":17,"11":3,"12":3,"13":1,"14":1,"15":2,"16":2,"17":1,"18":1,"19":1,"20":1,"21":1,"22":1,"23":1,"24":0,"25":17,"26":3,"27":2,"28":2,"29":3},"f":{"0":17,"1":7,"2":3,"3":3,"4":2,"5":2},"b":{"0":[10,7],"1":[10,7],"2":[10,7],"3":[4],"4":[1],"5":[1,1],"6":[10,7],"7":[6,11],"8":[10,7]}}
,"/Users/cam/coding-projects/to-do/frontend/src/components/TodoList.tsx": {"path":"/Users/cam/coding-projects/to-do/frontend/src/components/TodoList.tsx","statementMap":{"0":{"start":{"line":2,"column":0},"end":{"line":2,"column":42}},"1":{"start":{"line":17,"column":42},"end":{"line":34,"column":1}},"2":{"start":{"line":18,"column":25},"end":{"line":26,"column":4}},"3":{"start":{"line":19,"column":4},"end":{"line":25,"column":null}},"4":{"start":{"line":27,"column":2},"end":{"line":33,"column":4}},"5":{"start":{"line":36,"column":0},"end":{"line":36,"column":24}}},"fnMap":{"0":{"name":"(anonymous_1)","decl":{"start":{"line":17,"column":42},"end":{"line":17,"column":43}},"loc":{"start":{"line":17,"column":74},"end":{"line":34,"column":1}}},"1":{"name":"(anonymous_2)","decl":{"start":{"line":18,"column":35},"end":{"line":18,"column":39}},"loc":{"start":{"line":18,"column":42},"end":{"line":26,"column":3}}}},"branchMap":{},"s":{"0":2,"1":2,"2":1,"3":2,"4":1,"5":2},"f":{"0":1,"1":2},"b":{}}
,"/Users/cam/coding-projects/to-do/frontend/src/components/TodoListItem.tsx": {"path":"/Users/cam/coding-projects/to-do/frontend/src/components/TodoListItem.tsx","statementMap":{"0":{"start":{"line":2,"column":0},"end":{"line":2,"column":40}},"1":{"start":{"line":17,"column":50},"end":{"line":56,"column":1}},"2":{"start":{"line":18,"column":23},"end":{"line":20,"column":3}},"3":{"start":{"line":19,"column":4},"end":{"line":19,"column":53}},"4":{"start":{"line":22,"column":2},"end":{"line":55,"column":null}},"5":{"start":{"line":58,"column":0},"end":{"line":58,"column":28}}},"fnMap":{"0":{"name":"(anonymous_0)","decl":{"start":{"line":17,"column":50},"end":{"line":17,"column":51}},"loc":{"start":{"line":17,"column":81},"end":{"line":56,"column":1}}},"1":{"name":"(anonymous_1)","decl":{"start":{"line":18,"column":23},"end":{"line":18,"column":24}},"loc":{"start":{"line":18,"column":66},"end":{"line":20,"column":3}}}},"branchMap":{"0":{"loc":{"start":{"line":28,"column":39},"end":{"line":28,"column":79}},"type":"cond-expr","locations":[{"start":{"line":28,"column":56},"end":{"line":28,"column":74}},{"start":{"line":28,"column":77},"end":{"line":28,"column":79}}]},"1":{"loc":{"start":{"line":37,"column":11},"end":{"line":37,"column":89}},"type":"binary-expr","locations":[{"start":{"line":37,"column":11},"end":{"line":37,"column":23}},{"start":{"line":37,"column":27},"end":{"line":37,"column":89}}]},"2":{"loc":{"start":{"line":46,"column":13},"end":{"line":48,"column":58}},"type":"cond-expr","locations":[{"start":{"line":47,"column":12},"end":{"line":47,"column":61}},{"start":{"line":48,"column":12},"end":{"line":48,"column":58}}]},"3":{"loc":{"start":{"line":52,"column":9},"end":{"line":52,"column":205}},"type":"binary-expr","locations":[{"start":{"line":52,"column":9},"end":{"line":52,"column":22}},{"start":{"line":52,"column":26},"end":{"line":52,"column":205}}]}},"s":{"0":3,"1":3,"2":4,"3":1,"4":4,"5":3},"f":{"0":4,"1":1},"b":{"0":[1,3],"1":[4,4],"2":[1,3],"3":[4,1]}}
}
