TN:
SF:src/App.tsx
FN:28,(anonymous_1)
FN:33,(anonymous_2)
FN:43,(anonymous_3)
FN:54,(anonymous_4)
FN:62,(anonymous_5)
FN:66,(anonymous_6)
FN:69,(anonymous_7)
FN:70,(anonymous_8)
FN:78,(anonymous_9)
FN:81,(anonymous_10)
FN:82,(anonymous_11)
FN:96,(anonymous_12)
FN:109,(anonymous_13)
FN:114,(anonymous_14)
FN:119,(anonymous_15)
FNF:15
FNH:4
FNDA:3,(anonymous_1)
FNDA:0,(anonymous_2)
FNDA:1,(anonymous_3)
FNDA:1,(anonymous_4)
FNDA:0,(anonymous_5)
FNDA:0,(anonymous_6)
FNDA:0,(anonymous_7)
FNDA:0,(anonymous_8)
FNDA:0,(anonymous_9)
FNDA:0,(anonymous_10)
FNDA:0,(anonymous_11)
FNDA:0,(anonymous_12)
FNDA:0,(anonymous_13)
FNDA:0,(anonymous_14)
FNDA:1,(anonymous_15)
DA:1,1
DA:2,1
DA:3,1
DA:5,1
DA:7,1
DA:8,1
DA:9,1
DA:10,1
DA:11,1
DA:12,1
DA:13,1
DA:28,1
DA:29,3
DA:30,3
DA:31,3
DA:33,3
DA:34,0
DA:35,0
DA:36,0
DA:38,0
DA:39,0
DA:43,3
DA:44,1
DA:45,1
DA:46,1
DA:48,1
DA:49,1
DA:54,3
DA:55,1
DA:56,1
DA:57,0
DA:62,3
DA:63,0
DA:66,3
DA:67,0
DA:68,0
DA:69,0
DA:70,0
DA:71,0
DA:74,0
DA:78,3
DA:79,0
DA:80,0
DA:81,0
DA:82,0
DA:83,0
DA:92,0
DA:96,3
DA:97,0
DA:98,0
DA:99,0
DA:100,0
DA:101,0
DA:103,0
DA:104,0
DA:109,3
DA:110,0
DA:111,0
DA:114,3
DA:115,0
DA:116,0
DA:119,3
DA:120,1
DA:123,3
DA:187,1
LF:65
LH:35
BRDA:56,0,0,0
BRDA:71,1,0,0
BRDA:71,1,1,0
BRDA:83,2,0,0
BRDA:83,2,1,0
BRDA:97,3,0,0
BRDA:159,4,0,0
BRDA:159,4,1,3
BRF:8
BRH:1
end_of_record
TN:
SF:src/components/Index.tsx
FN:3,(anonymous_0)
FNF:1
FNH:1
FNDA:5,(anonymous_0)
DA:1,3
DA:3,3
DA:4,5
DA:24,3
LF:4
LH:4
BRF:0
BRH:0
end_of_record
TN:
SF:src/components/Login.tsx
FN:9,(anonymous_1)
FN:17,(anonymous_2)
FN:43,(anonymous_3)
FN:51,(anonymous_4)
FN:55,(anonymous_5)
FNF:5
FNH:5
FNDA:11,(anonymous_1)
FNDA:2,(anonymous_2)
FNDA:2,(anonymous_3)
FNDA:3,(anonymous_4)
FNDA:1,(anonymous_5)
DA:1,3
DA:2,3
DA:3,3
DA:9,3
DA:10,11
DA:11,11
DA:12,11
DA:13,11
DA:15,11
DA:17,11
DA:18,2
DA:19,2
DA:20,2
DA:21,1
DA:22,1
DA:23,1
DA:24,1
DA:26,1
DA:27,1
DA:32,11
DA:43,2
DA:51,3
DA:55,1
DA:67,3
LF:24
LH:24
BRDA:48,0,0,2
BRDA:48,0,1,9
BRF:2
BRH:2
end_of_record
TN:
SF:src/components/Navbar.tsx
FN:9,(anonymous_1)
FN:12,(anonymous_2)
FNF:2
FNH:2
FNDA:6,(anonymous_1)
FNDA:1,(anonymous_2)
DA:1,3
DA:2,3
DA:9,3
DA:10,6
DA:12,6
DA:13,1
DA:14,1
DA:15,1
DA:16,1
DA:18,0
DA:21,6
DA:46,3
LF:12
LH:11
BRDA:29,0,0,6
BRDA:29,0,1,3
BRF:2
BRH:2
end_of_record
TN:
SF:src/components/Register.tsx
FN:9,(anonymous_1)
FN:18,(anonymous_2)
FN:51,(anonymous_3)
FN:59,(anonymous_4)
FN:67,(anonymous_5)
FN:70,(anonymous_6)
FNF:6
FNH:6
FNDA:22,(anonymous_1)
FNDA:4,(anonymous_2)
FNDA:4,(anonymous_3)
FNDA:5,(anonymous_4)
FNDA:4,(anonymous_5)
FNDA:1,(anonymous_6)
DA:1,3
DA:2,3
DA:3,3
DA:9,3
DA:11,22
DA:12,22
DA:13,22
DA:14,22
DA:15,22
DA:16,22
DA:18,22
DA:19,4
DA:21,4
DA:22,3
DA:23,3
DA:24,2
DA:25,2
DA:26,2
DA:27,2
DA:28,2
DA:29,2
DA:31,1
DA:32,1
DA:35,1
DA:39,22
DA:51,4
DA:59,5
DA:67,4
DA:70,1
DA:80,3
LF:30
LH:30
BRDA:21,0,0,3
BRDA:21,0,1,1
BRDA:55,1,0,2
BRDA:55,1,1,20
BRDA:63,2,0,2
BRDA:63,2,1,20
BRF:6
BRH:6
end_of_record
TN:
SF:src/components/TodoDetails.tsx
FN:22,(anonymous_1)
FN:28,(anonymous_2)
FN:29,(anonymous_3)
FN:44,(anonymous_4)
FN:52,(anonymous_5)
FN:61,(anonymous_6)
FN:64,(anonymous_7)
FN:67,(anonymous_8)
FN:70,(anonymous_9)
FN:74,(anonymous_10)
FN:90,(anonymous_11)
FN:110,(anonymous_12)
FNF:12
FNH:8
FNDA:12,(anonymous_1)
FNDA:5,(anonymous_2)
FNDA:5,(anonymous_3)
FNDA:0,(anonymous_4)
FNDA:0,(anonymous_5)
FNDA:1,(anonymous_6)
FNDA:1,(anonymous_7)
FNDA:1,(anonymous_8)
FNDA:0,(anonymous_9)
FNDA:1,(anonymous_10)
FNDA:0,(anonymous_11)
FNDA:2,(anonymous_12)
DA:1,2
DA:2,2
DA:3,2
DA:5,2
DA:22,2
DA:23,12
DA:24,12
DA:25,12
DA:26,12
DA:28,12
DA:29,5
DA:30,5
DA:31,5
DA:32,4
DA:34,1
DA:37,5
DA:40,12
DA:41,5
DA:44,7
DA:45,0
DA:47,0
DA:48,0
DA:49,0
DA:50,0
DA:51,0
DA:52,0
DA:61,7
DA:62,1
DA:63,1
DA:64,1
DA:67,7
DA:68,1
DA:69,1
DA:70,1
DA:71,1
DA:74,7
DA:75,1
DA:78,7
DA:79,7
DA:80,7
DA:83,7
DA:90,0
DA:110,2
DA:137,2
LF:44
LH:36
BRDA:40,0,0,5
BRDA:45,1,0,0
BRDA:52,2,0,0
BRDA:52,2,1,0
BRDA:64,3,0,1
BRDA:64,3,1,0
BRDA:70,4,0,0
BRDA:70,4,1,0
BRDA:88,5,0,2
BRDA:88,5,1,5
BRDA:103,6,0,1
BRDA:103,6,1,4
BRDA:119,7,0,1
BRDA:119,7,1,4
BRDA:125,8,0,5
BRDA:125,8,1,0
BRF:16
BRH:9
end_of_record
TN:
SF:src/components/TodoForm.tsx
FN:9,(anonymous_1)
FN:14,(anonymous_2)
FN:21,(anonymous_3)
FN:55,(anonymous_4)
FN:65,(anonymous_5)
FN:77,(anonymous_6)
FNF:6
FNH:6
FNDA:17,(anonymous_1)
FNDA:7,(anonymous_2)
FNDA:3,(anonymous_3)
FNDA:3,(anonymous_4)
FNDA:2,(anonymous_5)
FNDA:2,(anonymous_6)
DA:1,3
DA:2,3
DA:9,3
DA:10,17
DA:11,17
DA:12,17
DA:14,17
DA:15,7
DA:16,4
DA:17,4
DA:21,17
DA:22,3
DA:24,3
DA:25,1
DA:26,1
DA:28,2
DA:30,2
DA:31,1
DA:32,1
DA:33,1
DA:34,1
DA:35,1
DA:38,1
DA:39,1
DA:42,0
DA:46,17
DA:55,3
DA:65,2
DA:77,2
DA:91,3
LF:30
LH:29
BRDA:10,0,0,10
BRDA:10,0,1,7
BRDA:11,1,0,10
BRDA:11,1,1,7
BRDA:12,2,0,10
BRDA:12,2,1,7
BRDA:15,3,0,4
BRDA:24,4,0,1
BRDA:30,5,0,1
BRDA:30,5,1,1
BRDA:48,6,0,10
BRDA:48,6,1,7
BRDA:73,7,0,6
BRDA:73,7,1,11
BRDA:84,8,0,10
BRDA:84,8,1,7
BRF:16
BRH:16
end_of_record
TN:
SF:src/components/TodoList.tsx
FN:17,(anonymous_1)
FN:18,(anonymous_2)
FNF:2
FNH:2
FNDA:1,(anonymous_1)
FNDA:2,(anonymous_2)
DA:2,2
DA:17,2
DA:18,1
DA:19,2
DA:27,1
DA:36,2
LF:6
LH:6
BRF:0
BRH:0
end_of_record
TN:
SF:src/components/TodoListItem.tsx
FN:17,(anonymous_0)
FN:18,(anonymous_1)
FNF:2
FNH:2
FNDA:4,(anonymous_0)
FNDA:1,(anonymous_1)
DA:2,3
DA:17,3
DA:18,4
DA:19,1
DA:22,4
DA:58,3
LF:6
LH:6
BRDA:28,0,0,1
BRDA:28,0,1,3
BRDA:37,1,0,4
BRDA:37,1,1,4
BRDA:46,2,0,1
BRDA:46,2,1,3
BRDA:52,3,0,4
BRDA:52,3,1,1
BRF:8
BRH:8
end_of_record
